[07-May-2024 11:56:25 America/Mexico_City] PHP Fatal error:  Uncaught TypeError: Argument 1 passed to ApiSistemas\Models\PersonaModel::getPersonas() must be of the type int or null, string given, called in C:\AppServ\www\almacen_sistemas_be\src\Controllers\Persona.php on line 52 and defined in C:\AppServ\www\almacen_sistemas_be\src\Models\PersonaModel.php:26
Stack trace:
#0 C:\AppServ\www\almacen_sistemas_be\src\Controllers\Persona.php(52): ApiSistemas\Models\PersonaModel::getPersonas('[object Object]...', NULL, NULL, NULL, NULL, NULL)
#1 C:\AppServ\www\almacen_sistemas_be\src\Libs\Router.php(18): ApiSistemas\Controllers\Persona->getPersonas()
#2 [internal function]: {closure}()
#3 C:\AppServ\www\almacen_sistemas_be\vendor\bramus\router\src\Bramus\Router\Router.php(458): call_user_func_array(Object(Closure), Array)
#4 C:\AppServ\www\almacen_sistemas_be\vendor\bramus\router\src\Bramus\Router\Router.php(440): Bramus\Router\Router->invoke(Object(Closure), Array)
#5 C:\AppServ\www\almacen_sistemas_be\vendor\bramus\router\src\Bramus\Router\Router.php(287): Bramus\Router\Rou in C:\AppServ\www\almacen_sistemas_be\src\Models\PersonaModel.php on line 26
[07-May-2024 12:01:11 America/Mexico_City] PHP Notice:  Undefined index: idPersonaOrigen in C:\AppServ\www\almacen_sistemas_be\src\Controllers\Traspaso.php on line 22
[07-May-2024 12:03:43 America/Mexico_City] PHP Notice:  Undefined index: idPersonaOrigen in C:\AppServ\www\almacen_sistemas_be\src\Controllers\Traspaso.php on line 22
[07-May-2024 12:03:57 America/Mexico_City] PHP Notice:  Undefined index: idPersonaOrigen in C:\AppServ\www\almacen_sistemas_be\src\Controllers\Traspaso.php on line 22
[07-May-2024 12:04:20 America/Mexico_City] PHP Notice:  Undefined index: idPersonaOrigen in C:\AppServ\www\almacen_sistemas_be\src\Controllers\Traspaso.php on line 22
[07-May-2024 12:04:32 America/Mexico_City] PHP Notice:  Undefined index: idPersonaOrigen in C:\AppServ\www\almacen_sistemas_be\src\Controllers\Traspaso.php on line 22
[07-May-2024 12:05:05 America/Mexico_City] PHP Notice:  Undefined index: idPersonaOrigen in C:\AppServ\www\almacen_sistemas_be\src\Controllers\Traspaso.php on line 22
[07-May-2024 12:05:06 America/Mexico_City] PHP Notice:  Undefined index: idPersonaOrigen in C:\AppServ\www\almacen_sistemas_be\src\Controllers\Traspaso.php on line 22
[07-May-2024 12:46:34 America/Mexico_City] PHP Notice:  Undefined index: OPTIONS in C:\AppServ\www\almacen_sistemas_be\vendor\bramus\router\src\Bramus\Router\Router.php on line 292
[07-May-2024 12:49:07 America/Mexico_City] PHP Notice:  Undefined index: OPTIONS in C:\AppServ\www\almacen_sistemas_be\vendor\bramus\router\src\Bramus\Router\Router.php on line 292
[07-May-2024 12:49:21 America/Mexico_City] PHP Notice:  Undefined index: OPTIONS in C:\AppServ\www\almacen_sistemas_be\vendor\bramus\router\src\Bramus\Router\Router.php on line 292
[07-May-2024 12:49:46 America/Mexico_City] PHP Notice:  Undefined index: OPTIONS in C:\AppServ\www\almacen_sistemas_be\vendor\bramus\router\src\Bramus\Router\Router.php on line 292
[07-May-2024 12:50:54 America/Mexico_City] PHP Notice:  Undefined index: OPTIONS in C:\AppServ\www\almacen_sistemas_be\vendor\bramus\router\src\Bramus\Router\Router.php on line 292
[07-May-2024 12:51:40 America/Mexico_City] PHP Notice:  Undefined index: OPTIONS in C:\AppServ\www\almacen_sistemas_be\vendor\bramus\router\src\Bramus\Router\Router.php on line 292
[07-May-2024 12:51:40 America/Mexico_City] PHP Notice:  Undefined index: idPersonaOrigen in C:\AppServ\www\almacen_sistemas_be\src\Controllers\Traspaso.php on line 22
[07-May-2024 13:15:42 America/Mexico_City] PHP Warning:  array_keys() expects parameter 1 to be array, null given in C:\AppServ\www\almacen_sistemas_be\src\Libs\Controller.php on line 39
[07-May-2024 13:15:42 America/Mexico_City] PHP Warning:  array_diff(): Expected parameter 2 to be an array, null given in C:\AppServ\www\almacen_sistemas_be\src\Libs\Controller.php on line 39
[07-May-2024 13:15:42 America/Mexico_City] PHP Warning:  implode(): Invalid arguments passed in C:\AppServ\www\almacen_sistemas_be\src\Libs\Controller.php on line 40
[07-May-2024 13:16:00 America/Mexico_City] PHP Warning:  array_keys() expects parameter 1 to be array, null given in C:\AppServ\www\almacen_sistemas_be\src\Libs\Controller.php on line 39
[07-May-2024 13:16:00 America/Mexico_City] PHP Warning:  array_diff(): Expected parameter 2 to be an array, null given in C:\AppServ\www\almacen_sistemas_be\src\Libs\Controller.php on line 39
[07-May-2024 13:16:00 America/Mexico_City] PHP Warning:  implode(): Invalid arguments passed in C:\AppServ\www\almacen_sistemas_be\src\Libs\Controller.php on line 40
[07-May-2024 13:16:12 America/Mexico_City] PHP Warning:  array_keys() expects parameter 1 to be array, null given in C:\AppServ\www\almacen_sistemas_be\src\Libs\Controller.php on line 39
[07-May-2024 13:16:12 America/Mexico_City] PHP Warning:  array_diff(): Expected parameter 2 to be an array, null given in C:\AppServ\www\almacen_sistemas_be\src\Libs\Controller.php on line 39
[07-May-2024 13:16:12 America/Mexico_City] PHP Warning:  implode(): Invalid arguments passed in C:\AppServ\www\almacen_sistemas_be\src\Libs\Controller.php on line 40
[07-May-2024 13:16:20 America/Mexico_City] PHP Fatal error:  Uncaught TypeError: Argument 1 passed to ApiSistemas\Libs\Controller::response() must be of the type array, bool given, called in C:\AppServ\www\almacen_sistemas_be\src\Controllers\Traspaso.php on line 21 and defined in C:\AppServ\www\almacen_sistemas_be\src\Libs\Controller.php:13
Stack trace:
#0 C:\AppServ\www\almacen_sistemas_be\src\Controllers\Traspaso.php(21): ApiSistemas\Libs\Controller->response(false)
#1 C:\AppServ\www\almacen_sistemas_be\src\Libs\Router.php(77): ApiSistemas\Controllers\Traspaso->get()
#2 [internal function]: {closure}()
#3 C:\AppServ\www\almacen_sistemas_be\vendor\bramus\router\src\Bramus\Router\Router.php(458): call_user_func_array(Object(Closure), Array)
#4 C:\AppServ\www\almacen_sistemas_be\vendor\bramus\router\src\Bramus\Router\Router.php(440): Bramus\Router\Router->invoke(Object(Closure), Array)
#5 C:\AppServ\www\almacen_sistemas_be\vendor\bramus\router\src\Bramus\Router\Router.php(287): Bramus\Router\Router->handle(Array, true)
#6 C:\AppServ\www\almacen_sistemas_be\src\Libs\Rout in C:\AppServ\www\almacen_sistemas_be\src\Libs\Controller.php on line 13
[07-May-2024 13:18:12 America/Mexico_City] PHP Fatal error:  Uncaught TypeError: Argument 1 passed to ApiSistemas\Libs\Controller::response() must be of the type array, bool given, called in C:\AppServ\www\almacen_sistemas_be\src\Controllers\Traspaso.php on line 21 and defined in C:\AppServ\www\almacen_sistemas_be\src\Libs\Controller.php:13
Stack trace:
#0 C:\AppServ\www\almacen_sistemas_be\src\Controllers\Traspaso.php(21): ApiSistemas\Libs\Controller->response(false)
#1 C:\AppServ\www\almacen_sistemas_be\src\Libs\Router.php(77): ApiSistemas\Controllers\Traspaso->get()
#2 [internal function]: {closure}()
#3 C:\AppServ\www\almacen_sistemas_be\vendor\bramus\router\src\Bramus\Router\Router.php(458): call_user_func_array(Object(Closure), Array)
#4 C:\AppServ\www\almacen_sistemas_be\vendor\bramus\router\src\Bramus\Router\Router.php(440): Bramus\Router\Router->invoke(Object(Closure), Array)
#5 C:\AppServ\www\almacen_sistemas_be\vendor\bramus\router\src\Bramus\Router\Router.php(287): Bramus\Router\Router->handle(Array, true)
#6 C:\AppServ\www\almacen_sistemas_be\src\Libs\Rout in C:\AppServ\www\almacen_sistemas_be\src\Libs\Controller.php on line 13
[07-May-2024 13:18:25 America/Mexico_City] PHP Fatal error:  Uncaught TypeError: Argument 1 passed to ApiSistemas\Libs\Controller::response() must be of the type array, bool given, called in C:\AppServ\www\almacen_sistemas_be\src\Controllers\Traspaso.php on line 21 and defined in C:\AppServ\www\almacen_sistemas_be\src\Libs\Controller.php:13
Stack trace:
#0 C:\AppServ\www\almacen_sistemas_be\src\Controllers\Traspaso.php(21): ApiSistemas\Libs\Controller->response(false)
#1 C:\AppServ\www\almacen_sistemas_be\src\Libs\Router.php(77): ApiSistemas\Controllers\Traspaso->get()
#2 [internal function]: {closure}()
#3 C:\AppServ\www\almacen_sistemas_be\vendor\bramus\router\src\Bramus\Router\Router.php(458): call_user_func_array(Object(Closure), Array)
#4 C:\AppServ\www\almacen_sistemas_be\vendor\bramus\router\src\Bramus\Router\Router.php(440): Bramus\Router\Router->invoke(Object(Closure), Array)
#5 C:\AppServ\www\almacen_sistemas_be\vendor\bramus\router\src\Bramus\Router\Router.php(287): Bramus\Router\Router->handle(Array, true)
#6 C:\AppServ\www\almacen_sistemas_be\src\Libs\Rout in C:\AppServ\www\almacen_sistemas_be\src\Libs\Controller.php on line 13
[07-May-2024 13:18:36 America/Mexico_City] PHP Fatal error:  Uncaught TypeError: Argument 1 passed to ApiSistemas\Libs\Controller::response() must be of the type array, bool given, called in C:\AppServ\www\almacen_sistemas_be\src\Controllers\Traspaso.php on line 21 and defined in C:\AppServ\www\almacen_sistemas_be\src\Libs\Controller.php:13
Stack trace:
#0 C:\AppServ\www\almacen_sistemas_be\src\Controllers\Traspaso.php(21): ApiSistemas\Libs\Controller->response(false)
#1 C:\AppServ\www\almacen_sistemas_be\src\Libs\Router.php(77): ApiSistemas\Controllers\Traspaso->get()
#2 [internal function]: {closure}()
#3 C:\AppServ\www\almacen_sistemas_be\vendor\bramus\router\src\Bramus\Router\Router.php(458): call_user_func_array(Object(Closure), Array)
#4 C:\AppServ\www\almacen_sistemas_be\vendor\bramus\router\src\Bramus\Router\Router.php(440): Bramus\Router\Router->invoke(Object(Closure), Array)
#5 C:\AppServ\www\almacen_sistemas_be\vendor\bramus\router\src\Bramus\Router\Router.php(287): Bramus\Router\Router->handle(Array, true)
#6 C:\AppServ\www\almacen_sistemas_be\src\Libs\Rout in C:\AppServ\www\almacen_sistemas_be\src\Libs\Controller.php on line 13
[07-May-2024 13:20:47 America/Mexico_City] PHP Fatal error:  Uncaught TypeError: Argument 1 passed to ApiSistemas\Libs\Controller::response() must be of the type array, bool given, called in C:\AppServ\www\almacen_sistemas_be\src\Controllers\Traspaso.php on line 21 and defined in C:\AppServ\www\almacen_sistemas_be\src\Libs\Controller.php:13
Stack trace:
#0 C:\AppServ\www\almacen_sistemas_be\src\Controllers\Traspaso.php(21): ApiSistemas\Libs\Controller->response(false)
#1 C:\AppServ\www\almacen_sistemas_be\src\Libs\Router.php(77): ApiSistemas\Controllers\Traspaso->get()
#2 [internal function]: {closure}()
#3 C:\AppServ\www\almacen_sistemas_be\vendor\bramus\router\src\Bramus\Router\Router.php(458): call_user_func_array(Object(Closure), Array)
#4 C:\AppServ\www\almacen_sistemas_be\vendor\bramus\router\src\Bramus\Router\Router.php(440): Bramus\Router\Router->invoke(Object(Closure), Array)
#5 C:\AppServ\www\almacen_sistemas_be\vendor\bramus\router\src\Bramus\Router\Router.php(287): Bramus\Router\Router->handle(Array, true)
#6 C:\AppServ\www\almacen_sistemas_be\src\Libs\Rout in C:\AppServ\www\almacen_sistemas_be\src\Libs\Controller.php on line 13
[07-May-2024 13:21:00 America/Mexico_City] PHP Fatal error:  Uncaught TypeError: Argument 1 passed to ApiSistemas\Libs\Controller::response() must be of the type array, bool given, called in C:\AppServ\www\almacen_sistemas_be\src\Controllers\Traspaso.php on line 21 and defined in C:\AppServ\www\almacen_sistemas_be\src\Libs\Controller.php:13
Stack trace:
#0 C:\AppServ\www\almacen_sistemas_be\src\Controllers\Traspaso.php(21): ApiSistemas\Libs\Controller->response(false)
#1 C:\AppServ\www\almacen_sistemas_be\src\Libs\Router.php(77): ApiSistemas\Controllers\Traspaso->get()
#2 [internal function]: {closure}()
#3 C:\AppServ\www\almacen_sistemas_be\vendor\bramus\router\src\Bramus\Router\Router.php(458): call_user_func_array(Object(Closure), Array)
#4 C:\AppServ\www\almacen_sistemas_be\vendor\bramus\router\src\Bramus\Router\Router.php(440): Bramus\Router\Router->invoke(Object(Closure), Array)
#5 C:\AppServ\www\almacen_sistemas_be\vendor\bramus\router\src\Bramus\Router\Router.php(287): Bramus\Router\Router->handle(Array, true)
#6 C:\AppServ\www\almacen_sistemas_be\src\Libs\Rout in C:\AppServ\www\almacen_sistemas_be\src\Libs\Controller.php on line 13
[07-May-2024 13:21:30 America/Mexico_City] PHP Fatal error:  Uncaught TypeError: Argument 1 passed to ApiSistemas\Libs\Controller::response() must be of the type array, bool given, called in C:\AppServ\www\almacen_sistemas_be\src\Controllers\Traspaso.php on line 22 and defined in C:\AppServ\www\almacen_sistemas_be\src\Libs\Controller.php:13
Stack trace:
#0 C:\AppServ\www\almacen_sistemas_be\src\Controllers\Traspaso.php(22): ApiSistemas\Libs\Controller->response(false)
#1 C:\AppServ\www\almacen_sistemas_be\src\Libs\Router.php(77): ApiSistemas\Controllers\Traspaso->get()
#2 [internal function]: {closure}()
#3 C:\AppServ\www\almacen_sistemas_be\vendor\bramus\router\src\Bramus\Router\Router.php(458): call_user_func_array(Object(Closure), Array)
#4 C:\AppServ\www\almacen_sistemas_be\vendor\bramus\router\src\Bramus\Router\Router.php(440): Bramus\Router\Router->invoke(Object(Closure), Array)
#5 C:\AppServ\www\almacen_sistemas_be\vendor\bramus\router\src\Bramus\Router\Router.php(287): Bramus\Router\Router->handle(Array, true)
#6 C:\AppServ\www\almacen_sistemas_be\src\Libs\Rout in C:\AppServ\www\almacen_sistemas_be\src\Libs\Controller.php on line 13
[07-May-2024 13:21:39 America/Mexico_City] PHP Fatal error:  Uncaught TypeError: Argument 1 passed to ApiSistemas\Libs\Controller::response() must be of the type array, bool given, called in C:\AppServ\www\almacen_sistemas_be\src\Controllers\Traspaso.php on line 22 and defined in C:\AppServ\www\almacen_sistemas_be\src\Libs\Controller.php:13
Stack trace:
#0 C:\AppServ\www\almacen_sistemas_be\src\Controllers\Traspaso.php(22): ApiSistemas\Libs\Controller->response(false)
#1 C:\AppServ\www\almacen_sistemas_be\src\Libs\Router.php(77): ApiSistemas\Controllers\Traspaso->get()
#2 [internal function]: {closure}()
#3 C:\AppServ\www\almacen_sistemas_be\vendor\bramus\router\src\Bramus\Router\Router.php(458): call_user_func_array(Object(Closure), Array)
#4 C:\AppServ\www\almacen_sistemas_be\vendor\bramus\router\src\Bramus\Router\Router.php(440): Bramus\Router\Router->invoke(Object(Closure), Array)
#5 C:\AppServ\www\almacen_sistemas_be\vendor\bramus\router\src\Bramus\Router\Router.php(287): Bramus\Router\Router->handle(Array, true)
#6 C:\AppServ\www\almacen_sistemas_be\src\Libs\Rout in C:\AppServ\www\almacen_sistemas_be\src\Libs\Controller.php on line 13
[07-May-2024 13:21:46 America/Mexico_City] PHP Fatal error:  Uncaught TypeError: Argument 1 passed to ApiSistemas\Libs\Controller::response() must be of the type array, bool given, called in C:\AppServ\www\almacen_sistemas_be\src\Controllers\Traspaso.php on line 22 and defined in C:\AppServ\www\almacen_sistemas_be\src\Libs\Controller.php:13
Stack trace:
#0 C:\AppServ\www\almacen_sistemas_be\src\Controllers\Traspaso.php(22): ApiSistemas\Libs\Controller->response(false)
#1 C:\AppServ\www\almacen_sistemas_be\src\Libs\Router.php(77): ApiSistemas\Controllers\Traspaso->get()
#2 [internal function]: {closure}()
#3 C:\AppServ\www\almacen_sistemas_be\vendor\bramus\router\src\Bramus\Router\Router.php(458): call_user_func_array(Object(Closure), Array)
#4 C:\AppServ\www\almacen_sistemas_be\vendor\bramus\router\src\Bramus\Router\Router.php(440): Bramus\Router\Router->invoke(Object(Closure), Array)
#5 C:\AppServ\www\almacen_sistemas_be\vendor\bramus\router\src\Bramus\Router\Router.php(287): Bramus\Router\Router->handle(Array, true)
#6 C:\AppServ\www\almacen_sistemas_be\src\Libs\Rout in C:\AppServ\www\almacen_sistemas_be\src\Libs\Controller.php on line 13
[07-May-2024 13:22:53 America/Mexico_City] PHP Fatal error:  Uncaught TypeError: Argument 1 passed to ApiSistemas\Libs\Controller::response() must be of the type array, bool given, called in C:\AppServ\www\almacen_sistemas_be\src\Controllers\Traspaso.php on line 22 and defined in C:\AppServ\www\almacen_sistemas_be\src\Libs\Controller.php:13
Stack trace:
#0 C:\AppServ\www\almacen_sistemas_be\src\Controllers\Traspaso.php(22): ApiSistemas\Libs\Controller->response(false)
#1 C:\AppServ\www\almacen_sistemas_be\src\Libs\Router.php(77): ApiSistemas\Controllers\Traspaso->get()
#2 [internal function]: {closure}()
#3 C:\AppServ\www\almacen_sistemas_be\vendor\bramus\router\src\Bramus\Router\Router.php(458): call_user_func_array(Object(Closure), Array)
#4 C:\AppServ\www\almacen_sistemas_be\vendor\bramus\router\src\Bramus\Router\Router.php(440): Bramus\Router\Router->invoke(Object(Closure), Array)
#5 C:\AppServ\www\almacen_sistemas_be\vendor\bramus\router\src\Bramus\Router\Router.php(287): Bramus\Router\Router->handle(Array, true)
#6 C:\AppServ\www\almacen_sistemas_be\src\Libs\Rout in C:\AppServ\www\almacen_sistemas_be\src\Libs\Controller.php on line 13
[07-May-2024 13:23:03 America/Mexico_City] PHP Fatal error:  Uncaught TypeError: Argument 1 passed to ApiSistemas\Libs\Controller::response() must be of the type array, bool given, called in C:\AppServ\www\almacen_sistemas_be\src\Controllers\Traspaso.php on line 22 and defined in C:\AppServ\www\almacen_sistemas_be\src\Libs\Controller.php:13
Stack trace:
#0 C:\AppServ\www\almacen_sistemas_be\src\Controllers\Traspaso.php(22): ApiSistemas\Libs\Controller->response(false)
#1 C:\AppServ\www\almacen_sistemas_be\src\Libs\Router.php(77): ApiSistemas\Controllers\Traspaso->get()
#2 [internal function]: {closure}()
#3 C:\AppServ\www\almacen_sistemas_be\vendor\bramus\router\src\Bramus\Router\Router.php(458): call_user_func_array(Object(Closure), Array)
#4 C:\AppServ\www\almacen_sistemas_be\vendor\bramus\router\src\Bramus\Router\Router.php(440): Bramus\Router\Router->invoke(Object(Closure), Array)
#5 C:\AppServ\www\almacen_sistemas_be\vendor\bramus\router\src\Bramus\Router\Router.php(287): Bramus\Router\Router->handle(Array, true)
#6 C:\AppServ\www\almacen_sistemas_be\src\Libs\Rout in C:\AppServ\www\almacen_sistemas_be\src\Libs\Controller.php on line 13
[07-May-2024 13:23:15 America/Mexico_City] PHP Fatal error:  Uncaught TypeError: Argument 1 passed to ApiSistemas\Libs\Controller::response() must be of the type array, bool given, called in C:\AppServ\www\almacen_sistemas_be\src\Controllers\Traspaso.php on line 21 and defined in C:\AppServ\www\almacen_sistemas_be\src\Libs\Controller.php:13
Stack trace:
#0 C:\AppServ\www\almacen_sistemas_be\src\Controllers\Traspaso.php(21): ApiSistemas\Libs\Controller->response(false)
#1 C:\AppServ\www\almacen_sistemas_be\src\Libs\Router.php(77): ApiSistemas\Controllers\Traspaso->get()
#2 [internal function]: {closure}()
#3 C:\AppServ\www\almacen_sistemas_be\vendor\bramus\router\src\Bramus\Router\Router.php(458): call_user_func_array(Object(Closure), Array)
#4 C:\AppServ\www\almacen_sistemas_be\vendor\bramus\router\src\Bramus\Router\Router.php(440): Bramus\Router\Router->invoke(Object(Closure), Array)
#5 C:\AppServ\www\almacen_sistemas_be\vendor\bramus\router\src\Bramus\Router\Router.php(287): Bramus\Router\Router->handle(Array, true)
#6 C:\AppServ\www\almacen_sistemas_be\src\Libs\Rout in C:\AppServ\www\almacen_sistemas_be\src\Libs\Controller.php on line 13
[07-May-2024 13:49:21 America/Mexico_City] PHP Notice:  Undefined index: OPTIONS in C:\AppServ\www\almacen_sistemas_be\vendor\bramus\router\src\Bramus\Router\Router.php on line 292
[07-May-2024 13:49:21 America/Mexico_City] PHP Notice:  Undefined index: idPersonaOrigen in C:\AppServ\www\almacen_sistemas_be\src\Controllers\Traspaso.php on line 33
[07-May-2024 13:49:55 America/Mexico_City] PHP Notice:  Undefined index: OPTIONS in C:\AppServ\www\almacen_sistemas_be\vendor\bramus\router\src\Bramus\Router\Router.php on line 292
[07-May-2024 13:49:55 America/Mexico_City] PHP Notice:  Undefined index: idPersonaOrigen in C:\AppServ\www\almacen_sistemas_be\src\Controllers\Traspaso.php on line 33
[07-May-2024 13:50:27 America/Mexico_City] PHP Notice:  Undefined index: OPTIONS in C:\AppServ\www\almacen_sistemas_be\vendor\bramus\router\src\Bramus\Router\Router.php on line 292
[07-May-2024 13:50:27 America/Mexico_City] PHP Notice:  Undefined index: idPersonaOrigen in C:\AppServ\www\almacen_sistemas_be\src\Controllers\Traspaso.php on line 33
[07-May-2024 13:50:47 America/Mexico_City] PHP Notice:  Undefined index: OPTIONS in C:\AppServ\www\almacen_sistemas_be\vendor\bramus\router\src\Bramus\Router\Router.php on line 292
[07-May-2024 13:50:47 America/Mexico_City] PHP Notice:  Undefined index: idPersonaOrigen in C:\AppServ\www\almacen_sistemas_be\src\Controllers\Traspaso.php on line 33
